<?xml version="1.0" encoding="UTF-8"?>
<!-- Generated by org.testng.reporters.JUnitReportReporter -->
<testsuite hostname="VarunPC" failures="0" tests="2" name="germanyisCalling.Logintest" time="3.726" errors="0" timestamp="2024-09-10T01:22:47 IST" skipped="0">
  <testcase classname="germanyisCalling.Logintest" name="validLoginPage" time="0.972"/>
  <system-out>
    <![CDATA[pass]]>
  </system-out>
  <testcase classname="germanyisCalling.Logintest" name="invalidLoginPage" time="2.754"/>
  <system-out/>
</testsuite> <!-- germanyisCalling.Logintest -->
