<?xml version="1.0" encoding="UTF-8"?>
<!-- Generated by org.testng.reporters.JUnitReportReporter -->
<testsuite hostname="VarunPC" failures="0" tests="1" name="myproject.pract" time="1.699" errors="0" timestamp="2024-09-06T16:35:44 IST" skipped="0">
  <testcase classname="myproject.pract" name="loginPage" time="1.699"/>
  <system-out/>
</testsuite> <!-- myproject.pract -->
