<?xml version="1.0" encoding="UTF-8"?>
<!-- Generated by org.testng.reporters.JUnitReportReporter -->
<testsuite hostname="VarunPC" failures="0" tests="1" name="myproject.Excel" time="0.542" errors="0" timestamp="2024-09-25T14:51:20 IST" skipped="0">
  <testcase classname="myproject.Excel" name="ex" time="0.542"/>
  <system-out/>
</testsuite> <!-- myproject.Excel -->
