<?xml version="1.0" encoding="UTF-8"?>
<!-- Generated by org.testng.reporters.JUnitReportReporter -->
<testsuite hostname="VarunPC" failures="0" tests="3" name="com.epdom.producttest.KidsproductTest" time="0.016" errors="0" timestamp="2024-10-28T15:31:50 IST" skipped="0">
  <testcase classname="com.epdom.producttest.KidsproductTest" name="updateProduct" time="0.006"/>
  <system-out>
    <![CDATA[updated success Kids]]>
  </system-out>
  <testcase classname="com.epdom.producttest.KidsproductTest" name="addProduct" time="0.001"/>
  <system-out>
    <![CDATA[add succesKids]]>
  </system-out>
  <testcase classname="com.epdom.producttest.KidsproductTest" name="removeProduct" time="0.009"/>
  <system-out>
    <![CDATA[REMOVED succes Kids]]>
  </system-out>
</testsuite> <!-- com.epdom.producttest.KidsproductTest -->
