<?xml version="1.0" encoding="UTF-8"?>
<!-- Generated by org.testng.reporters.JUnitReportReporter -->
<testsuite hostname="VarunPC" failures="0" tests="3" name="com.epdom.producttest.WomensproductTest" time="0.006" errors="0" timestamp="2024-10-28T15:31:50 IST" skipped="0">
  <testcase classname="com.epdom.producttest.WomensproductTest" name="removeProduct" time="0.000"/>
  <system-out>
    <![CDATA[REMOVED succes womens]]>
  </system-out>
  <testcase classname="com.epdom.producttest.WomensproductTest" name="addProduct" time="0.002"/>
  <system-out>
    <![CDATA[add succes-womens]]>
  </system-out>
  <testcase classname="com.epdom.producttest.WomensproductTest" name="updateProduct" time="0.004"/>
  <system-out>
    <![CDATA[updated success womens]]>
  </system-out>
</testsuite> <!-- com.epdom.producttest.WomensproductTest -->
