<?xml version="1.0" encoding="UTF-8"?>
<!-- Generated by org.testng.reporters.JUnitReportReporter -->
<testsuite hostname="VarunPC" failures="0" tests="3" name="com.epdom.producttest.MensproductTest" time="0.027" errors="0" timestamp="2024-10-28T15:31:50 IST" skipped="0">
  <testcase classname="com.epdom.producttest.MensproductTest" name="removeProduct" time="0.004"/>
  <system-out>
    <![CDATA[REMOVED succes mens]]>
  </system-out>
  <testcase classname="com.epdom.producttest.MensproductTest" name="updateProduct" time="0.003"/>
  <system-out>
    <![CDATA[updated success mens]]>
  </system-out>
  <testcase classname="com.epdom.producttest.MensproductTest" name="addProduct" time="0.020"/>
  <system-out>
    <![CDATA[add succes mens]]>
  </system-out>
</testsuite> <!-- com.epdom.producttest.MensproductTest -->
