<?xml version="1.0" encoding="UTF-8"?>
<!-- Generated by org.testng.reporters.JUnitReportReporter -->
<testsuite hostname="VarunPC" failures="0" tests="1" name="com.epdom.demo.Demotest" time="0.493" errors="0" timestamp="2024-11-05T20:24:23 IST" skipped="0">
  <testcase classname="com.epdom.demo.Demotest" name="DemoTesting1" time="0.493"/>
  <system-out/>
</testsuite> <!-- com.epdom.demo.Demotest -->
