<?xml version="1.0" encoding="UTF-8"?>
<!-- Generated by org.testng.reporters.JUnitReportReporter -->
<testsuite hostname="VarunPC" failures="0" tests="3" name="com.epdom.producttest.ElectronicproductTest" time="0.008" errors="0" timestamp="2024-10-28T15:31:50 IST" skipped="0">
  <testcase classname="com.epdom.producttest.ElectronicproductTest" name="addProduct" time="0.004"/>
  <system-out>
    <![CDATA[add succes Electronic]]>
  </system-out>
  <testcase classname="com.epdom.producttest.ElectronicproductTest" name="updateProduct" time="0.000"/>
  <system-out>
    <![CDATA[updated success Electronic]]>
  </system-out>
  <testcase classname="com.epdom.producttest.ElectronicproductTest" name="removeProduct" time="0.004"/>
  <system-out>
    <![CDATA[REMOVED succes Electronic]]>
  </system-out>
</testsuite> <!-- com.epdom.producttest.ElectronicproductTest -->
